This is pdfTeX, Version 3.1415926-2.5-1.40.14 (TeX Live 2013/Debian) (format=pdflatex 2016.6.19)  29 JUN 2016 16:03
entering extended mode
 restricted \write18 enabled.
 %&-line parsing enabled.
**Thesis.tex
(./Thesis.tex
LaTeX2e <2011/06/27>
Babel <3.9h> and hyphenation patterns for 4 languages loaded.
(/usr/share/texlive/texmf-dist/tex/latex/base/report.cls
Document Class: report 2007/10/19 v1.4h Standard LaTeX document class
(/usr/share/texlive/texmf-dist/tex/latex/base/size12.clo
File: size12.clo 2007/10/19 v1.4h Standard LaTeX file (size option)
)
\c@part=\count79
\c@chapter=\count80
\c@section=\count81
\c@subsection=\count82
\c@subsubsection=\count83
\c@paragraph=\count84
\c@subparagraph=\count85
\c@figure=\count86
\c@table=\count87
\abovecaptionskip=\skip41
\belowcaptionskip=\skip42
\bibindent=\dimen102
)
(/usr/share/texlive/texmf-dist/tex/latex/graphics/graphicx.sty
Package: graphicx 1999/02/16 v1.0f Enhanced LaTeX Graphics (DPC,SPQR)

(/usr/share/texlive/texmf-dist/tex/latex/graphics/keyval.sty
Package: keyval 1999/03/16 v1.13 key=value parser (DPC)
\KV@toks@=\toks14
)
(/usr/share/texlive/texmf-dist/tex/latex/graphics/graphics.sty
Package: graphics 2009/02/05 v1.0o Standard LaTeX Graphics (DPC,SPQR)

(/usr/share/texlive/texmf-dist/tex/latex/graphics/trig.sty
Package: trig 1999/03/16 v1.09 sin cos tan (DPC)
)
(/usr/share/texlive/texmf-dist/tex/latex/latexconfig/graphics.cfg
File: graphics.cfg 2010/04/23 v1.9 graphics configuration of TeX Live
)
Package graphics Info: Driver file: pdftex.def on input line 91.

(/usr/share/texlive/texmf-dist/tex/latex/pdftex-def/pdftex.def
File: pdftex.def 2011/05/27 v0.06d Graphics/color for pdfTeX

(/usr/share/texlive/texmf-dist/tex/generic/oberdiek/infwarerr.sty
Package: infwarerr 2010/04/08 v1.3 Providing info/warning/error messages (HO)
)
(/usr/share/texlive/texmf-dist/tex/generic/oberdiek/ltxcmds.sty
Package: ltxcmds 2011/11/09 v1.22 LaTeX kernel commands for general use (HO)
)
\Gread@gobject=\count88
))
\Gin@req@height=\dimen103
\Gin@req@width=\dimen104
)
(/usr/share/texlive/texmf-dist/tex/latex/subfig/subfig.sty
Package: subfig 2005/06/28 ver: 1.3 subfig package

(/usr/share/texlive/texmf-dist/tex/latex/caption/caption.sty
Package: caption 2013/05/02 v3.3-89 Customizing captions (AR)

(/usr/share/texlive/texmf-dist/tex/latex/caption/caption3.sty
Package: caption3 2013/05/02 v1.6-88 caption3 kernel (AR)
Package caption3 Info: TeX engine: e-TeX on input line 57.
\captionmargin=\dimen105
\captionmargin@=\dimen106
\captionwidth=\dimen107
\caption@tempdima=\dimen108
\caption@indent=\dimen109
\caption@parindent=\dimen110
\caption@hangindent=\dimen111
)
\c@ContinuedFloat=\count89
)
\c@KVtest=\count90
\sf@farskip=\skip43
\sf@captopadj=\dimen112
\sf@capskip=\skip44
\sf@nearskip=\skip45
\c@subfigure=\count91
\c@subfigure@save=\count92
\c@lofdepth=\count93
\c@subtable=\count94
\c@subtable@save=\count95
\c@lotdepth=\count96
\sf@top=\skip46
\sf@bottom=\skip47
)
(/usr/share/texlive/texmf-dist/tex/latex/float/float.sty
Package: float 2001/11/08 v1.3d Float enhancements (AL)
\c@float@type=\count97
\float@exts=\toks15
\float@box=\box26
\@float@everytoks=\toks16
\@floatcapt=\box27
)
(/usr/share/texlive/texmf-dist/tex/latex/fancyhdr/fancyhdr.sty
\fancy@headwidth=\skip48
\f@ncyO@elh=\skip49
\f@ncyO@erh=\skip50
\f@ncyO@olh=\skip51
\f@ncyO@orh=\skip52
\f@ncyO@elf=\skip53
\f@ncyO@erf=\skip54
\f@ncyO@olf=\skip55
\f@ncyO@orf=\skip56
)
(/usr/share/texlive/texmf-dist/tex/latex/base/makeidx.sty
Package: makeidx 2000/03/29 v1.0m Standard LaTeX package
)
(/usr/share/texlive/texmf-dist/tex/latex/tocbibind/tocbibind.sty
Package: tocbibind 2010/10/13 v1.5k extra ToC listings
Package tocbibind Info: The document has chapter divisions on input line 50.


Package tocbibind Note: Using chapter style headings, unless overridden.

) (/usr/share/texlive/texmf-dist/tex/latex/supertabular/supertabular.sty
Package: supertabular 2004/02/20 v4.1e the supertabular environment
\c@tracingst=\count98
\ST@wd=\dimen113
\ST@rightskip=\skip57
\ST@leftskip=\skip58
\ST@parfillskip=\skip59
\ST@pageleft=\dimen114
\ST@headht=\dimen115
\ST@tailht=\dimen116
\ST@pagesofar=\dimen117
\ST@pboxht=\dimen118
\ST@lineht=\dimen119
\ST@stretchht=\dimen120
\ST@prevht=\dimen121
\ST@toadd=\dimen122
\ST@dimen=\dimen123
\ST@pbox=\box28
)
(/usr/share/texlive/texmf-dist/tex/latex/tools/array.sty
Package: array 2008/09/09 v2.4c Tabular extension package (FMi)
\col@sep=\dimen124
\extrarowheight=\dimen125
\NC@list=\toks17
\extratabsurround=\skip60
\backup@length=\skip61
)
(/usr/share/texlive/texmf-dist/tex/latex/setspace/setspace.sty
Package: setspace 2011/12/19 v6.7a set line spacing
)
(/usr/share/texlive/texmf-dist/tex/latex/tools/enumerate.sty
Package: enumerate 1999/03/05 v3.00 enumerate extensions (DPC)
\@enLab=\toks18
)
(/usr/share/texlive/texmf-dist/tex/latex/rotating/rotating.sty
Package: rotating 2009/03/28 v2.16a rotated objects in LaTeX

(/usr/share/texlive/texmf-dist/tex/latex/base/ifthen.sty
Package: ifthen 2001/05/26 v1.1c Standard LaTeX ifthen package (DPC)
)
\c@r@tfl@t=\count99
\rotFPtop=\skip62
\rotFPbot=\skip63
\rot@float@box=\box29
\rot@mess@toks=\toks19
)
(/usr/share/texlive/texmf-dist/tex/latex/moreverb/moreverb.sty
Package: moreverb 2008/06/03 v2.3a `more' verbatim facilities

(/usr/share/texlive/texmf-dist/tex/latex/tools/verbatim.sty
Package: verbatim 2003/08/22 v1.5q LaTeX2e package for verbatim enhancements
\every@verbatim=\toks20
\verbatim@line=\toks21
\verbatim@in@stream=\read1
)
\tab@position=\count100
\tab@size=\count101
\listing@line=\count102
)
(/usr/share/texlive/texmf-dist/tex/latex/multirow/multirow.sty
\bigstrutjot=\dimen126
)
(/usr/share/texlive/texmf-dist/tex/latex/amsmath/amsmath.sty
Package: amsmath 2013/01/14 v2.14 AMS math features
\@mathmargin=\skip64

For additional information on amsmath, use the `?' option.
(/usr/share/texlive/texmf-dist/tex/latex/amsmath/amstext.sty
Package: amstext 2000/06/29 v2.01

(/usr/share/texlive/texmf-dist/tex/latex/amsmath/amsgen.sty
File: amsgen.sty 1999/11/30 v2.0
\@emptytoks=\toks22
\ex@=\dimen127
))
(/usr/share/texlive/texmf-dist/tex/latex/amsmath/amsbsy.sty
Package: amsbsy 1999/11/29 v1.2d
\pmbraise@=\dimen128
)
(/usr/share/texlive/texmf-dist/tex/latex/amsmath/amsopn.sty
Package: amsopn 1999/12/14 v2.01 operator names
)
\inf@bad=\count103
LaTeX Info: Redefining \frac on input line 210.
\uproot@=\count104
\leftroot@=\count105
LaTeX Info: Redefining \overline on input line 306.
\classnum@=\count106
\DOTSCASE@=\count107
LaTeX Info: Redefining \ldots on input line 378.
LaTeX Info: Redefining \dots on input line 381.
LaTeX Info: Redefining \cdots on input line 466.
\Mathstrutbox@=\box30
\strutbox@=\box31
\big@size=\dimen129
LaTeX Font Info:    Redeclaring font encoding OML on input line 566.
LaTeX Font Info:    Redeclaring font encoding OMS on input line 567.
\macc@depth=\count108
\c@MaxMatrixCols=\count109
\dotsspace@=\muskip10
\c@parentequation=\count110
\dspbrk@lvl=\count111
\tag@help=\toks23
\row@=\count112
\column@=\count113
\maxfields@=\count114
\andhelp@=\toks24
\eqnshift@=\dimen130
\alignsep@=\dimen131
\tagshift@=\dimen132
\tagwidth@=\dimen133
\totwidth@=\dimen134
\lineht@=\dimen135
\@envbody=\toks25
\multlinegap=\skip65
\multlinetaggap=\skip66
\mathdisplay@stack=\toks26
LaTeX Info: Redefining \[ on input line 2665.
LaTeX Info: Redefining \] on input line 2666.
)
(/usr/share/texlive/texmf-dist/tex/latex/amscls/amsthm.sty
Package: amsthm 2004/08/06 v2.20
\thm@style=\toks27
\thm@bodyfont=\toks28
\thm@headfont=\toks29
\thm@notefont=\toks30
\thm@headpunct=\toks31
\thm@preskip=\skip67
\thm@postskip=\skip68
\thm@headsep=\skip69
\dth@everypar=\toks32
)
(/usr/share/texlive/texmf-dist/tex/latex/amsfonts/amssymb.sty
Package: amssymb 2013/01/14 v3.01 AMS font symbols

(/usr/share/texlive/texmf-dist/tex/latex/amsfonts/amsfonts.sty
Package: amsfonts 2013/01/14 v3.01 Basic AMSFonts support
\symAMSa=\mathgroup4
\symAMSb=\mathgroup5
LaTeX Font Info:    Overwriting math alphabet `\mathfrak' in version `bold'
(Font)                  U/euf/m/n --> U/euf/b/n on input line 106.
))
(/usr/share/texlive/texmf-dist/tex/latex/captcont/captcont.sty
Package: captcont 2002/02/14 v2.0 captcont package
)
(/usr/share/texlive/texmf-dist/tex/latex/titlesec/titlesec.sty
Package: titlesec 2011/12/15 v2.10.0 Sectioning titles
\ttl@box=\box32
\beforetitleunit=\skip70
\aftertitleunit=\skip71
\ttl@plus=\dimen136
\ttl@minus=\dimen137
\ttl@toksa=\toks33
\titlewidth=\dimen138
\titlewidthlast=\dimen139
\titlewidthfirst=\dimen140
)
(/usr/share/texlive/texmf-dist/tex/latex/url/url.sty
\Urlmuskip=\muskip11
Package: url 2013/09/16  ver 3.4  Verb mode for urls, etc.
)
(/usr/share/texlive/texmf-dist/tex/latex/hyperref/hyperref.sty
Package: hyperref 2012/11/06 v6.83m Hypertext links for LaTeX

(/usr/share/texlive/texmf-dist/tex/generic/oberdiek/hobsub-hyperref.sty
Package: hobsub-hyperref 2012/05/28 v1.13 Bundle oberdiek, subset hyperref (HO)


(/usr/share/texlive/texmf-dist/tex/generic/oberdiek/hobsub-generic.sty
Package: hobsub-generic 2012/05/28 v1.13 Bundle oberdiek, subset generic (HO)
Package: hobsub 2012/05/28 v1.13 Construct package bundles (HO)
Package hobsub Info: Skipping package `infwarerr' (already loaded).
Package hobsub Info: Skipping package `ltxcmds' (already loaded).
Package: ifluatex 2010/03/01 v1.3 Provides the ifluatex switch (HO)
Package ifluatex Info: LuaTeX not detected.
Package: ifvtex 2010/03/01 v1.5 Detect VTeX and its facilities (HO)
Package ifvtex Info: VTeX not detected.
Package: intcalc 2007/09/27 v1.1 Expandable calculations with integers (HO)
Package: ifpdf 2011/01/30 v2.3 Provides the ifpdf switch (HO)
Package ifpdf Info: pdfTeX in PDF mode is detected.
Package: etexcmds 2011/02/16 v1.5 Avoid name clashes with e-TeX commands (HO)
Package etexcmds Info: Could not find \expanded.
(etexcmds)             That can mean that you are not using pdfTeX 1.50 or
(etexcmds)             that some package has redefined \expanded.
(etexcmds)             In the latter case, load this package earlier.
Package: kvsetkeys 2012/04/25 v1.16 Key value parser (HO)
Package: kvdefinekeys 2011/04/07 v1.3 Define keys (HO)
Package: pdftexcmds 2011/11/29 v0.20 Utility functions of pdfTeX for LuaTeX (HO
)
Package pdftexcmds Info: LuaTeX not detected.
Package pdftexcmds Info: \pdf@primitive is available.
Package pdftexcmds Info: \pdf@ifprimitive is available.
Package pdftexcmds Info: \pdfdraftmode found.
Package: pdfescape 2011/11/25 v1.13 Implements pdfTeX's escape features (HO)
Package: bigintcalc 2012/04/08 v1.3 Expandable calculations on big integers (HO
)
Package: bitset 2011/01/30 v1.1 Handle bit-vector datatype (HO)
Package: uniquecounter 2011/01/30 v1.2 Provide unlimited unique counter (HO)
)
Package hobsub Info: Skipping package `hobsub' (already loaded).
Package: letltxmacro 2010/09/02 v1.4 Let assignment for LaTeX macros (HO)
Package: hopatch 2012/05/28 v1.2 Wrapper for package hooks (HO)
Package: xcolor-patch 2011/01/30 xcolor patch
Package: atveryend 2011/06/30 v1.8 Hooks at the very end of document (HO)
Package atveryend Info: \enddocument detected (standard20110627).
Package: atbegshi 2011/10/05 v1.16 At begin shipout hook (HO)
Package: refcount 2011/10/16 v3.4 Data extraction from label references (HO)
Package: hycolor 2011/01/30 v1.7 Color options for hyperref/bookmark (HO)
)
(/usr/share/texlive/texmf-dist/tex/generic/ifxetex/ifxetex.sty
Package: ifxetex 2010/09/12 v0.6 Provides ifxetex conditional
)
(/usr/share/texlive/texmf-dist/tex/latex/oberdiek/auxhook.sty
Package: auxhook 2011/03/04 v1.3 Hooks for auxiliary files (HO)
)
(/usr/share/texlive/texmf-dist/tex/latex/oberdiek/kvoptions.sty
Package: kvoptions 2011/06/30 v3.11 Key value format for package options (HO)
)
\@linkdim=\dimen141
\Hy@linkcounter=\count115
\Hy@pagecounter=\count116

(/usr/share/texlive/texmf-dist/tex/latex/hyperref/pd1enc.def
File: pd1enc.def 2012/11/06 v6.83m Hyperref: PDFDocEncoding definition (HO)
)
\Hy@SavedSpaceFactor=\count117

(/usr/share/texlive/texmf-dist/tex/latex/latexconfig/hyperref.cfg
File: hyperref.cfg 2002/06/06 v1.2 hyperref configuration of TeXLive
)
Package hyperref Info: Hyper figures OFF on input line 4443.
Package hyperref Info: Link nesting OFF on input line 4448.
Package hyperref Info: Hyper index ON on input line 4451.
Package hyperref Info: Plain pages OFF on input line 4458.
Package hyperref Info: Backreferencing OFF on input line 4463.
Package hyperref Info: Implicit mode ON; LaTeX internals redefined.
Package hyperref Info: Bookmarks ON on input line 4688.
\c@Hy@tempcnt=\count118
LaTeX Info: Redefining \url on input line 5041.
\XeTeXLinkMargin=\dimen142
\Fld@menulength=\count119
\Field@Width=\dimen143
\Fld@charsize=\dimen144
Package hyperref Info: Hyper figures OFF on input line 6295.
Package hyperref Info: Link nesting OFF on input line 6300.
Package hyperref Info: Hyper index ON on input line 6303.
Package hyperref Info: backreferencing OFF on input line 6310.
Package hyperref Info: Link coloring OFF on input line 6315.
Package hyperref Info: Link coloring with OCG OFF on input line 6320.
Package hyperref Info: PDF/A mode OFF on input line 6325.
LaTeX Info: Redefining \ref on input line 6365.
LaTeX Info: Redefining \pageref on input line 6369.
\Hy@abspage=\count120
\c@Item=\count121
\c@Hfootnote=\count122
)

Package hyperref Message: Driver (autodetected): hpdftex.

(/usr/share/texlive/texmf-dist/tex/latex/hyperref/hpdftex.def
File: hpdftex.def 2012/11/06 v6.83m Hyperref driver for pdfTeX
\Fld@listcount=\count123
\c@bookmark@seq@number=\count124

(/usr/share/texlive/texmf-dist/tex/latex/oberdiek/rerunfilecheck.sty
Package: rerunfilecheck 2011/04/15 v1.7 Rerun checks for auxiliary files (HO)
Package uniquecounter Info: New unique counter `rerunfilecheck' on input line 2
82.
)
\Hy@SectionHShift=\skip72
)
(/usr/share/texlive/texmf-dist/tex/latex/lipsum/lipsum.sty
Package: lipsum 2011/04/14 v1.2 150 paragraphs of Lorem Ipsum dummy text
\c@lips@count=\count125
)
(/usr/share/texlive/texmf-dist/tex/latex/movie15/movie15.sty
Package: movie15 2012/05/16

(/usr/share/texlive/texmf-dist/tex/latex/oberdiek/ifdraft.sty
Package: ifdraft 2008/08/11 v1.3 Detect class options draft and final (HO)
)
(/usr/share/texlive/texmf-dist/tex/latex/ms/everyshi.sty
Package: everyshi 2001/05/15 v3.00 EveryShipout Package (MS)
)
\@MXV@page=\count126
\@MXV@adict=\count127
\@MXV@aadict=\count128
\@MXV@includes=\count129
\@MXV@players=\count130
\@MXV@links=\count131
\@MXV@width=\dimen145
\@MXV@height=\dimen146
\@MXV@depth=\dimen147
\@MXV@totalheight=\dimen148
\@MXV@@boxdepth=\dimen149
\@MXV@traiselen=\dimen150
\@MXV@braiselen=\dimen151
\@MXV@start=\dimen152
\@MXV@end=\dimen153
\@MXV@textbox=\box33
)
(/usr/share/texlive/texmf-dist/tex/latex/appendix/appendix.sty
Package: appendix 2009/09/02 v1.2b extra appendix facilities
\c@@pps=\count132
\c@@ppsavesec=\count133
\c@@ppsaveapp=\count134
)

Package Fancyhdr Warning: \fancyhead's `E' option without twoside option is use
less on input line 54.


Package Fancyhdr Warning: \fancyhead's `E' option without twoside option is use
less on input line 56.

\@float@every@figure=\toks34
\c@claim=\count135
\c@theorem=\count136
\c@defn=\count137
\c@fact=\count138
(./Thesis.aux (./titlepage.aux) (./certificate.aux) (./abstract.aux)
(./acknowledgement.aux) (./chapter1.aux) (./chapter2.aux) (./chapter3.aux)
(./chapter5.aux) (./chapter6.aux) (./chapter7.aux) (./chapter8.aux)
(./appendix.aux))
\openout1 = `Thesis.aux'.

LaTeX Font Info:    Checking defaults for OML/cmm/m/it on input line 101.
LaTeX Font Info:    ... okay on input line 101.
LaTeX Font Info:    Checking defaults for T1/cmr/m/n on input line 101.
LaTeX Font Info:    ... okay on input line 101.
LaTeX Font Info:    Checking defaults for OT1/cmr/m/n on input line 101.
LaTeX Font Info:    ... okay on input line 101.
LaTeX Font Info:    Checking defaults for OMS/cmsy/m/n on input line 101.
LaTeX Font Info:    ... okay on input line 101.
LaTeX Font Info:    Checking defaults for OMX/cmex/m/n on input line 101.
LaTeX Font Info:    ... okay on input line 101.
LaTeX Font Info:    Checking defaults for U/cmr/m/n on input line 101.
LaTeX Font Info:    ... okay on input line 101.
LaTeX Font Info:    Checking defaults for PD1/pdf/m/n on input line 101.
LaTeX Font Info:    ... okay on input line 101.
 (/usr/share/texlive/texmf-dist/tex/context/base/supp-pdf.mkii
[Loading MPS to PDF converter (version 2006.09.02).]
\scratchcounter=\count139
\scratchdimen=\dimen154
\scratchbox=\box34
\nofMPsegments=\count140
\nofMParguments=\count141
\everyMPshowfont=\toks35
\MPscratchCnt=\count142
\MPscratchDim=\dimen155
\MPnumerator=\count143
\makeMPintoPDFobject=\count144
\everyMPtoPDFconversion=\toks36
) (/usr/share/texlive/texmf-dist/tex/latex/oberdiek/epstopdf-base.sty
Package: epstopdf-base 2010/02/09 v2.5 Base part for package epstopdf

(/usr/share/texlive/texmf-dist/tex/latex/oberdiek/grfext.sty
Package: grfext 2010/08/19 v1.1 Manage graphics extensions (HO)
)
Package grfext Info: Graphics extension search list:
(grfext)             [.png,.pdf,.jpg,.mps,.jpeg,.jbig2,.jb2,.PNG,.PDF,.JPG,.JPE
G,.JBIG2,.JB2,.eps]
(grfext)             \AppendGraphicsExtensions on input line 452.

(/usr/share/texlive/texmf-dist/tex/latex/latexconfig/epstopdf-sys.cfg
File: epstopdf-sys.cfg 2010/07/13 v1.3 Configuration of (r)epstopdf for TeX Liv
e
))
Package caption Info: Begin \AtBeginDocument code.
Package caption Info: subfig package v1.3 is loaded.
Package caption Info: float package is loaded.
Package caption Info: hyperref package is loaded.
Package caption Info: rotating package is loaded.
Package caption Info: supertabular package is loaded.
Package caption Info: End \AtBeginDocument code.
\AtBeginShipoutBox=\box35
Package hyperref Info: Link coloring OFF on input line 101.

(/usr/share/texlive/texmf-dist/tex/latex/hyperref/nameref.sty
Package: nameref 2012/10/27 v2.43 Cross-referencing by name of section

(/usr/share/texlive/texmf-dist/tex/generic/oberdiek/gettitlestring.sty
Package: gettitlestring 2010/12/03 v1.4 Cleanup title references (HO)
)
\c@section@level=\count145
)
LaTeX Info: Redefining \ref on input line 101.
LaTeX Info: Redefining \pageref on input line 101.
LaTeX Info: Redefining \nameref on input line 101.

(./Thesis.out) (./Thesis.out)
\@outlinefile=\write3
\openout3 = `Thesis.out'.

 ABD: EveryShipout initializing macros
\openout2 = `titlepage.aux'.


(./titlepage.tex <./Figures/iit_logo.pdf, id=233, 523.60315pt x 553.20177pt>
File: ./Figures/iit_logo.pdf Graphic file (type pdf)

<use ./Figures/iit_logo.pdf>
Package pdftex.def Info: ./Figures/iit_logo.pdf used on input line 27.
(pdftex.def)             Requested size: 104.71877pt x 110.63838pt.


LaTeX Font Warning: Font shape `OT1/cmr/bx/sc' undefined
(Font)              using `OT1/cmr/bx/n' instead on input line 31.

[1


{/var/lib/texmf/fonts/map/pdftex/updmap/pdftex.map} <./Figures/iit_logo.pdf>])
\openout2 = `certificate.aux'.

 (./certificate.tex)
Underfull \hbox (badness 10000) in paragraph at lines 13--112

 []

pdfTeX warning (ext4): destination with the same identifier (name{page.1}) has 
been already used, duplicate ignored
<to be read again> 
                   \relax 
l.112 \include{certificate}
                            [1


]
\openout2 = `abstract.aux'.

 (./abstract.tex) [2


]
\openout2 = `acknowledgement.aux'.

 (./acknowledgement.tex
Underfull \hbox (badness 10000) in paragraph at lines 14--16

 []

) [3


] (./Thesis.toc
LaTeX Font Info:    Try loading font information for U+msa on input line 2.
 (/usr/share/texlive/texmf-dist/tex/latex/amsfonts/umsa.fd
File: umsa.fd 2013/01/14 v3.01 AMS symbols A
)
LaTeX Font Info:    Try loading font information for U+msb on input line 2.

(/usr/share/texlive/texmf-dist/tex/latex/amsfonts/umsb.fd
File: umsb.fd 2013/01/14 v3.01 AMS symbols B
)
LaTeX Font Info:    Try loading font information for OMS+cmr on input line 26.

(/usr/share/texlive/texmf-dist/tex/latex/base/omscmr.fd
File: omscmr.fd 1999/05/25 v2.5h Standard LaTeX font definitions
)
LaTeX Font Info:    Font shape `OMS/cmr/m/it' in size <12> not available
(Font)              Font shape `OMS/cmsy/m/n' tried instead on input line 26.
LaTeX Font Info:    Font shape `OMS/cmr/m/n' in size <12> not available
(Font)              Font shape `OMS/cmsy/m/n' tried instead on input line 26.
 [4



] [5])
\tf@toc=\write4
\openout4 = `Thesis.toc'.

 [6]
(./Thesis.lof [7


] [8])
\tf@lof=\write5
\openout5 = `Thesis.lof'.

 [9]
\openout2 = `chapter1.aux'.

 (./chapter1.tex
Chapter 1.
pdfTeX warning (ext4): destination with the same identifier (name{page.1}) has 
been already used, duplicate ignored
<to be read again> 
                   \relax 
l.13 
      [1





]pdfTeX warning (ext4): destination with the same identifier (name{page.2}) has
 been already used, duplicate ignored
<to be read again> 
                   \relax 
l.19 \newpage
              [2]
Missing character: There is no ‚ in font cmr12!
Missing character: There is no Ä in font cmr12!
Missing character: There is no ú in font cmr12!
Missing character: There is no ‚ in font cmr12!
Missing character: There is no Ä in font cmr12!
Missing character: There is no ù in font cmr12!
 <./Figures/Decentral.png, id=494, 571.13374pt x 304.13625pt>
File: ./Figures/Decentral.png Graphic file (type png)

<use ./Figures/Decentral.png>
Package pdftex.def Info: ./Figures/Decentral.png used on input line 43.
(pdftex.def)             Requested size: 312.00119pt x 166.1431pt.
pdfTeX warning (ext4): destination with the same identifier (name{page.3}) has 
been already used, duplicate ignored
<to be read again> 
                   \relax 
l.47 
      [3]
Missing character: There is no ‚ in font cmr12!
Missing character: There is no Ä in font cmr12!
Missing character: There is no ô in font cmr12!
pdfTeX warning (ext4): destination with the same identifier (name{page.4}) has 
been already used, duplicate ignored
<to be read again> 
                   \relax 
l.63 
      [4 <./Figures/Decentral.png>]
Missing character: There is no ‚ in font cmr12!
Missing character: There is no Ä in font cmr12!
Missing character: There is no ò in font cmr12!
Missing character: There is no ‚ in font cmr12!
Missing character: There is no Ä in font cmr12!
Missing character: There is no ô in font cmr12!
pdfTeX warning (ext4): destination with the same identifier (name{page.5}) has 
been already used, duplicate ignored
<to be read again> 
                   \relax 
l.78 
      [5]pdfTeX warning (ext4): destination with the same identifier (name{page
.6}) has been already used, duplicate ignored
<to be read again> 
                   \relax 
l.83 \item C
            omparing Semiliterate and Illiterate Users Ability to Transition...
[6]
Missing character: There is no ‚ in font cmr12!
Missing character: There is no Ä in font cmr12!
Missing character: There is no ô in font cmr12!
Missing character: There is no ‚ in font cmr12!
Missing character: There is no Ä in font cmr12!
Missing character: There is no ô in font cmr12!
)pdfTeX warning (ext4): destination with the same identifier (name{page.7}) has
 been already used, duplicate ignored
<to be read again> 
                   \relax 
l.146 \include{chapter1}
                         [7]
\openout2 = `chapter2.aux'.

 (./chapter2.tex
Chapter 2.
Missing character: There is no ‚ in font cmbx12!
Missing character: There is no Ä in font cmbx12!
Missing character: There is no ò in font cmbx12!
Missing character: There is no ‚ in font cmbx12!
Missing character: There is no Ä in font cmbx12!
Missing character: There is no ô in font cmbx12!
Missing character: There is no ‚ in font cmr12!
Missing character: There is no Ä in font cmr12!
Missing character: There is no ô in font cmr12!
Missing character: There is no ‚ in font cmr12!
Missing character: There is no Ä in font cmr12!
Missing character: There is no ô in font cmr12!
Missing character: There is no ‚ in font cmr12!
Missing character: There is no Ä in font cmr12!
Missing character: There is no ú in font cmr12!
Missing character: There is no ‚ in font cmr12!
Missing character: There is no Ä in font cmr12!
Missing character: There is no ù in font cmr12!
Missing character: There is no ‚ in font cmr12!
Missing character: There is no Ä in font cmr12!
Missing character: There is no ú in font cmr12!
Missing character: There is no ‚ in font cmr12!
Missing character: There is no Ä in font cmr12!
Missing character: There is no ù in font cmr12!
Missing character: There is no ‚ in font cmr12!
Missing character: There is no Ä in font cmr12!
Missing character: There is no ú in font cmr12!
pdfTeX warning (ext4): destination with the same identifier (name{page.8}) has 
been already used, duplicate ignored
<to be read again> 
                   \relax 
l.28 
      [8




]
Missing character: There is no ‚ in font cmr12!
Missing character: There is no Ä in font cmr12!
Missing character: There is no ú in font cmr12!
Missing character: There is no ‚ in font cmr12!
Missing character: There is no Ä in font cmr12!
Missing character: There is no ù in font cmr12!

Underfull \hbox (badness 10000) in paragraph at lines 43--50

 []

Missing character: There is no ‚ in font cmr12!
Missing character: There is no Ä in font cmr12!
Missing character: There is no ú in font cmr12!
Missing character: There is no ‚ in font cmr12!
Missing character: There is no Ä in font cmr12!
Missing character: There is no ù in font cmr12!
Missing character: There is no ‚ in font cmr12!
Missing character: There is no Ä in font cmr12!
Missing character: There is no ô in font cmr12!
pdfTeX warning (ext4): destination with the same identifier (name{page.9}) has 
been already used, duplicate ignored
<to be read again> 
                   \relax 
l.63 
      [9] [10] [11]
Missing character: There is no ‚ in font cmr12!
Missing character: There is no Ä in font cmr12!
Missing character: There is no ô in font cmr12!

Overfull \hbox (0.65382pt too wide) in paragraph at lines 104--107
[]\OT1/cmr/m/n/12 We had a talk with Mr. Praveen from Ac-tion In-dia, project c
o-ordinator
 []

Missing character: There is no ‚ in font cmr12!
Missing character: There is no Ä in font cmr12!
Missing character: There is no ô in font cmr12!
Missing character: There is no ‚ in font cmr12!
Missing character: There is no Ä in font cmr12!
Missing character: There is no ô in font cmr12!
[12]
Overfull \hbox (3.40791pt too wide) in paragraph at lines 115--116
\OT1/cmr/m/n/12 they ap-proach to School Man-age-ment Com-mit-tees, Dept. of Sc
hool
 []

Missing character: There is no ‚ in font cmr12!
Missing character: There is no Ä in font cmr12!
Missing character: There is no ô in font cmr12!
[13]
Missing character: There is no ‚ in font cmr12!
Missing character: There is no Ä in font cmr12!
Missing character: There is no ô in font cmr12!
 [14]) [15]
\openout2 = `chapter3.aux'.

 (./chapter3.tex
Chapter 3.
Missing character: There is no ‚ in font cmr12!
Missing character: There is no Ä in font cmr12!
Missing character: There is no ì in font cmr12!
Missing character: There is no ‚ in font cmr12!
Missing character: There is no Ä in font cmr12!
Missing character: There is no ì in font cmr12!

Overfull \hbox (43.5548pt too wide) in paragraph at lines 12--15
\OT1/cmr/m/n/12 agents. It is de-signed to work closely with URI::HTTP#host, UR
I::HTTP#port
 []

[16




] [17] <./Figures/Sysflow.png, id=625, 1249.66875pt x 623.32875pt>
File: ./Figures/Sysflow.png Graphic file (type png)

<use ./Figures/Sysflow.png>
Package pdftex.def Info: ./Figures/Sysflow.png used on input line 51.
(pdftex.def)             Requested size: 312.00119pt x 155.62256pt.

Underfull \hbox (badness 10000) in paragraph at lines 48--54

 []


Underfull \hbox (badness 10000) in paragraph at lines 48--54

 []


Underfull \hbox (badness 10000) in paragraph at lines 48--54

 []

<./Figures/UseCaseDiagram.png, id=626, 743.77875pt x 1077.02374pt>
File: ./Figures/UseCaseDiagram.png Graphic file (type png)

<use ./Figures/UseCaseDiagram.png>
Package pdftex.def Info: ./Figures/UseCaseDiagram.png used on input line 59.
(pdftex.def)             Requested size: 312.00119pt x 451.80457pt.
 [18 <./Figures/Sysflow.png>] [19 <./Figures/UseCaseDiagram.png>] <./Figures/er
d1.png, id=638, 1628.0825pt x 738.76pt>
File: ./Figures/erd1.png Graphic file (type png)

<use ./Figures/erd1.png>
Package pdftex.def Info: ./Figures/erd1.png used on input line 70.
(pdftex.def)             Requested size: 390.0025pt x 199.1635pt.

<./Figures/erd2.png, id=639, 2666.96375pt x 1047.915pt>
File: ./Figures/erd2.png Graphic file (type png)

<use ./Figures/erd2.png>
Package pdftex.def Info: ./Figures/erd2.png used on input line 76.
(pdftex.def)             Requested size: 389.97575pt x 256.06184pt.
 [20 <./Figures/erd1.png> <./Figures/erd2.png>])
[21]
\openout2 = `chapter5.aux'.

 (./chapter5.tex
Chapter 4.
<./Figures/eventflow1.png, id=649, 783.92876pt x 504.88625pt>
File: ./Figures/eventflow1.png Graphic file (type png)

<use ./Figures/eventflow1.png>
Package pdftex.def Info: ./Figures/eventflow1.png used on input line 14.
(pdftex.def)             Requested size: 390.0pt x 251.17905pt.
 [22




]
<./Figures/eventflow2.png, id=654, 1007.765pt x 732.7375pt>
File: ./Figures/eventflow2.png Graphic file (type png)

<use ./Figures/eventflow2.png>
Package pdftex.def Info: ./Figures/eventflow2.png used on input line 21.
(pdftex.def)             Requested size: 390.0pt x 283.56389pt.

<./Figures/eventflow3.png, id=655, 575.14874pt x 625.33624pt>
File: ./Figures/eventflow3.png Graphic file (type png)

<use ./Figures/eventflow3.png>
Package pdftex.def Info: ./Figures/eventflow3.png used on input line 28.
(pdftex.def)             Requested size: 390.0pt x 424.03983pt.
 [23 <./Figures/eventflow1.png> <./Figures/eventflow2.png>] [24 <./Figures/even
tflow3.png>]
<./Figures/SDLoginData.png, id=669, 1066.98625pt x 665.48625pt>
File: ./Figures/SDLoginData.png Graphic file (type png)

<use ./Figures/SDLoginData.png>
Package pdftex.def Info: ./Figures/SDLoginData.png used on input line 42.
(pdftex.def)             Requested size: 390.0pt x 243.24063pt.


LaTeX Warning: Hyper reference `GCMlink' on page 25 undefined on input line 47.


<./Figures/SDPinrecovery.png, id=671, 1066.98625pt x 665.48625pt>
File: ./Figures/SDPinrecovery.png Graphic file (type png)

<use ./Figures/SDPinrecovery.png>
Package pdftex.def Info: ./Figures/SDPinrecovery.png used on input line 53.
(pdftex.def)             Requested size: 390.0pt x 243.24063pt.
 [25 <./Figures/SDLoginData.png>]
<./Figures/SDLaunchAudio.png, id=680, 1066.98625pt x 795.97375pt>
File: ./Figures/SDLaunchAudio.png Graphic file (type png)

<use ./Figures/SDLaunchAudio.png>
Package pdftex.def Info: ./Figures/SDLaunchAudio.png used on input line 69.
(pdftex.def)             Requested size: 390.0pt x 290.93488pt.
 [26 <./Figures/SDPinrecovery.png>]
Overfull \hbox (19.73291pt too wide) in paragraph at lines 78--79
[]\OT1/cmr/bx/n/12 Survey Dial Outs []\OT1/cmr/m/n/12 : Vol-un-teer acts as a b
ridge be-tween the NGOs/District
 []

<./Figures/SDSurveyList.png, id=687, 1066.98625pt x 665.48625pt>
File: ./Figures/SDSurveyList.png Graphic file (type png)

<use ./Figures/SDSurveyList.png>
Package pdftex.def Info: ./Figures/SDSurveyList.png used on input line 82.
(pdftex.def)             Requested size: 390.0pt x 243.24063pt.
 [27 <./Figures/SDLaunchAudio.png>]
<./Figures/SDViewSurvey.png, id=695, 1066.98625pt x 665.48625pt>
File: ./Figures/SDViewSurvey.png Graphic file (type png)

<use ./Figures/SDViewSurvey.png>
Package pdftex.def Info: ./Figures/SDViewSurvey.png used on input line 94.
(pdftex.def)             Requested size: 390.0pt x 243.24063pt.
 [28 <./Figures/SDSurveyList.png>]
<./Figures/SDLaunchSurvey.png, id=704, 1066.98625pt x 795.97375pt>
File: ./Figures/SDLaunchSurvey.png Graphic file (type png)

<use ./Figures/SDLaunchSurvey.png>
Package pdftex.def Info: ./Figures/SDLaunchSurvey.png used on input line 109.
(pdftex.def)             Requested size: 390.0pt x 290.93488pt.
 [29 <./Figures/SDViewSurvey.png>]
Missing character: There is no ‚ in font cmr12!
Missing character: There is no Ä in font cmr12!
Missing character: There is no ô in font cmr12!
 [30 <./Figures/SDLaunchSurvey.png>]
<./Figures/SDLaunchmessage.png, id=721, 1066.98625pt x 665.48625pt>
File: ./Figures/SDLaunchmessage.png Graphic file (type png)

<use ./Figures/SDLaunchmessage.png>
Package pdftex.def Info: ./Figures/SDLaunchmessage.png used on input line 128.
(pdftex.def)             Requested size: 390.0pt x 243.24063pt.
Missing character: There is no ‚ in font cmr12!
Missing character: There is no Ä in font cmr12!
Missing character: There is no ã in font cmr12!
Missing character: There is no ‚ in font cmr12!
Missing character: There is no Ä in font cmr12!
Missing character: There is no ã in font cmr12!
Missing character: There is no ‚ in font cmr12!
Missing character: There is no Ä in font cmr12!
Missing character: There is no ã in font cmr12!
Missing character: There is no ‚ in font cmr12!
Missing character: There is no Ä in font cmr12!
Missing character: There is no ã in font cmr12!
Missing character: There is no ‚ in font cmr12!
Missing character: There is no Ä in font cmr12!
Missing character: There is no ã in font cmr12!
Missing character: There is no ‚ in font cmr12!
Missing character: There is no Ä in font cmr12!
Missing character: There is no ã in font cmr12!
Missing character: There is no ‚ in font cmr12!
Missing character: There is no Ä in font cmr12!
Missing character: There is no ã in font cmr12!
Missing character: There is no ‚ in font cmr12!
Missing character: There is no Ä in font cmr12!
Missing character: There is no ã in font cmr12!
 [31 <./Figures/SDLaunchmessage.png>]
Missing character: There is no ‚ in font cmr12!
Missing character: There is no Ä in font cmr12!
Missing character: There is no ã in font cmr12!
Missing character: There is no ‚ in font cmr12!
Missing character: There is no Ä in font cmr12!
Missing character: There is no ã in font cmr12!
Missing character: There is no ‚ in font cmr12!
Missing character: There is no Ä in font cmr12!
Missing character: There is no ã in font cmr12!
Missing character: There is no ‚ in font cmr12!
Missing character: There is no Ä in font cmr12!
Missing character: There is no ã in font cmr12!
Missing character: There is no ‚ in font cmr12!
Missing character: There is no Ä in font cmr12!
Missing character: There is no ã in font cmr12!
Missing character: There is no ‚ in font cmr12!
Missing character: There is no Ä in font cmr12!
Missing character: There is no ã in font cmr12!
Missing character: There is no ‚ in font cmr12!
Missing character: There is no Ä in font cmr12!
Missing character: There is no ã in font cmr12!
Missing character: There is no ‚ in font cmr12!
Missing character: There is no Ä in font cmr12!
Missing character: There is no ã in font cmr12!
Missing character: There is no ‚ in font cmr12!
Missing character: There is no Ä in font cmr12!
Missing character: There is no ã in font cmr12!

[32]
Missing character: There is no ‚ in font cmr12!
Missing character: There is no Ä in font cmr12!
Missing character: There is no ã in font cmr12!
Missing character: There is no ‚ in font cmr12!
Missing character: There is no Ä in font cmr12!
Missing character: There is no ã in font cmr12!
Missing character: There is no ‚ in font cmr12!
Missing character: There is no Ä in font cmr12!
Missing character: There is no ã in font cmr12!
Missing character: There is no ‚ in font cmr12!
Missing character: There is no Ä in font cmr12!
Missing character: There is no ã in font cmr12!
Missing character: There is no ‚ in font cmr12!
Missing character: There is no Ä in font cmr12!
Missing character: There is no ã in font cmr12!
Missing character: There is no ‚ in font cmr12!
Missing character: There is no Ä in font cmr12!
Missing character: There is no ã in font cmr12!
Missing character: There is no ‚ in font cmr12!
Missing character: There is no Ä in font cmr12!
Missing character: There is no ã in font cmr12!

Overfull \hbox (5.19598pt too wide) in paragraph at lines 161--164
\OT1/cmr/m/n/12 plate (En-glish) - Dear all, Gov-ern-ment has launched $\OMS/cm
sy/m/n/12 h\OML/cmm/m/it/12 schemename\OMS/cmsy/m/n/12 i$
 []

Missing character: There is no ‚ in font cmr12!
Missing character: There is no Ä in font cmr12!
Missing character: There is no ã in font cmr12!
Missing character: There is no ‚ in font cmr12!
Missing character: There is no Ä in font cmr12!
Missing character: There is no ã in font cmr12!
Missing character: There is no ‚ in font cmr12!
Missing character: There is no Ä in font cmr12!
Missing character: There is no ã in font cmr12!

Overfull \hbox (45.93999pt too wide) in paragraph at lines 165--166
[]\OT1/cmr/m/n/12 Message Tem-plate (Hindi) - Priye ni-vaasiyon, sarkaar dwara 
$\OMS/cmsy/m/n/12 h\OML/cmm/m/it/12 schemename\OMS/cmsy/m/n/12 i$
 []

<./Figures/SDAddGroup.png, id=741, 1066.98625pt x 605.26125pt>
File: ./Figures/SDAddGroup.png Graphic file (type png)

<use ./Figures/SDAddGroup.png>
Package pdftex.def Info: ./Figures/SDAddGroup.png used on input line 173.
(pdftex.def)             Requested size: 390.0pt x 221.2279pt.
 [33 <./Figures/SDAddGroup.png>]
Missing character: There is no ‚ in font cmr12!
Missing character: There is no Ä in font cmr12!
Missing character: There is no ò in font cmr12!
Missing character: There is no ‚ in font cmr12!
Missing character: There is no Ä in font cmr12!
Missing character: There is no ô in font cmr12!
Missing character: There is no ‚ in font cmr12!
Missing character: There is no Ä in font cmr12!
Missing character: There is no ò in font cmr12!
Missing character: There is no ‚ in font cmr12!
Missing character: There is no Ä in font cmr12!
Missing character: There is no ô in font cmr12!

<./Figures/SDCreateContact.png, id=750, 1066.98625pt x 665.48625pt>
File: ./Figures/SDCreateContact.png Graphic file (type png)

<use ./Figures/SDCreateContact.png>
Package pdftex.def Info: ./Figures/SDCreateContact.png used on input line 190.
(pdftex.def)             Requested size: 390.0pt x 243.24063pt.
 [34] [35 <./Figures/SDCreateContact.png>]
[36]
Missing character: There is no ‚ in font cmr12!
Missing character: There is no Ä in font cmr12!
Missing character: There is no ú in font cmr12!
Missing character: There is no ‚ in font cmr12!
Missing character: There is no Ä in font cmr12!
Missing character: There is no ù in font cmr12!
Missing character: There is no ‚ in font cmr12!
Missing character: There is no Ä in font cmr12!
Missing character: There is no ú in font cmr12!
Missing character: There is no ‚ in font cmr12!
Missing character: There is no Ä in font cmr12!
Missing character: There is no ù in font cmr12!
Missing character: There is no ‚ in font cmr12!
Missing character: There is no Ä in font cmr12!
Missing character: There is no ú in font cmr12!
Missing character: There is no ‚ in font cmr12!
Missing character: There is no Ä in font cmr12!
Missing character: There is no ù in font cmr12!
Missing character: There is no ‚ in font cmr12!
Missing character: There is no Ä in font cmr12!
Missing character: There is no ú in font cmr12!
Missing character: There is no ‚ in font cmr12!
Missing character: There is no Ä in font cmr12!
Missing character: There is no ù in font cmr12!
Missing character: There is no ‚ in font cmr12!
Missing character: There is no Ä in font cmr12!
Missing character: There is no ú in font cmr12!
Missing character: There is no ‚ in font cmr12!
Missing character: There is no Ä in font cmr12!
Missing character: There is no ù in font cmr12!
Missing character: There is no ‚ in font cmr12!
Missing character: There is no Ä in font cmr12!
Missing character: There is no ú in font cmr12!
Missing character: There is no ‚ in font cmr12!
Missing character: There is no Ä in font cmr12!
Missing character: There is no ù in font cmr12!
Missing character: There is no ‚ in font cmr12!
Missing character: There is no Ä in font cmr12!
Missing character: There is no ú in font cmr12!
Missing character: There is no ‚ in font cmr12!
Missing character: There is no Ä in font cmr12!
Missing character: There is no ù in font cmr12!
 [37]
Missing character: There is no ‚ in font cmr12!
Missing character: There is no Ä in font cmr12!
Missing character: There is no ô in font cmr12!
 [38]
Missing character: There is no ‚ in font cmr12!
Missing character: There is no Ä in font cmr12!
Missing character: There is no ô in font cmr12!
) [39]
\openout2 = `chapter6.aux'.

 (./chapter6.tex
Chapter 5.
[40




]
Missing character: There is no ‚ in font cmr12!
Missing character: There is no Ä in font cmr12!
Missing character: There is no ì in font cmr12!
Missing character: There is no ‚ in font cmr12!
Missing character: There is no Ä in font cmr12!
Missing character: There is no ì in font cmr12!

Overfull \hbox (43.5548pt too wide) in paragraph at lines 17--20
\OT1/cmr/m/n/12 agents. It is de-signed to work closely with URI::HTTP#host, UR
I::HTTP#port
 []

[41] <./Figures/PortalEventFlow1.png, id=818, 742.775pt x 565.11125pt>
File: ./Figures/PortalEventFlow1.png Graphic file (type png)

<use ./Figures/PortalEventFlow1.png>
Package pdftex.def Info: ./Figures/PortalEventFlow1.png used on input line 43.
(pdftex.def)             Requested size: 390.0pt x 296.72234pt.
 [42]
<./Figures/PortalEventFlow2.png, id=823, 986.68625pt x 826.08624pt>
File: ./Figures/PortalEventFlow2.png Graphic file (type png)

<use ./Figures/PortalEventFlow2.png>
Package pdftex.def Info: ./Figures/PortalEventFlow2.png used on input line 50.
(pdftex.def)             Requested size: 394.66751pt x 330.42863pt.

Overfull \hbox (4.66751pt too wide) in paragraph at lines 50--51
 [][] 
 []

[43 <./Figures/PortalEventFlow1.png>]
<./Figures/SDPortalSignUp.png, id=831, 1105.12875pt x 666.49pt>
File: ./Figures/SDPortalSignUp.png Graphic file (type png)

<use ./Figures/SDPortalSignUp.png>
Package pdftex.def Info: ./Figures/SDPortalSignUp.png used on input line 63.
(pdftex.def)             Requested size: 390.0pt x 235.19708pt.
 [44 <./Figures/PortalEventFlow2.png>]
<./Figures/SDPortalLoginData.png, id=837, 1066.98625pt x 665.48625pt>
File: ./Figures/SDPortalLoginData.png Graphic file (type png)

<use ./Figures/SDPortalLoginData.png>
Package pdftex.def Info: ./Figures/SDPortalLoginData.png used on input line 72.

(pdftex.def)             Requested size: 390.0pt x 243.24063pt.
 [45 <./Figures/SDPortalSignUp.png>]
<./Figures/SDRegisterAdmin.png, id=850, 1066.98625pt x 665.48625pt>
File: ./Figures/SDRegisterAdmin.png Graphic file (type png)

<use ./Figures/SDRegisterAdmin.png>
Package pdftex.def Info: ./Figures/SDRegisterAdmin.png used on input line 83.
(pdftex.def)             Requested size: 390.0pt x 243.24063pt.

Underfull \hbox (badness 10000) in paragraph at lines 80--86

 []

[46 <./Figures/SDPortalLoginData.png>]
<./Figures/SDPortalLaunchSurvey.png, id=859, 1066.98625pt x 665.48625pt>
File: ./Figures/SDPortalLaunchSurvey.png Graphic file (type png)

<use ./Figures/SDPortalLaunchSurvey.png>
Package pdftex.def Info: ./Figures/SDPortalLaunchSurvey.png used on input line 
92.
(pdftex.def)             Requested size: 390.0pt x 243.24063pt.

Underfull \hbox (badness 10000) in paragraph at lines 89--95

 []

[47 <./Figures/SDRegisterAdmin.png>]
<./Figures/SDPortalViewSurveys.png, id=866, 1066.98625pt x 665.48625pt>
File: ./Figures/SDPortalViewSurveys.png Graphic file (type png)

<use ./Figures/SDPortalViewSurveys.png>
Package pdftex.def Info: ./Figures/SDPortalViewSurveys.png used on input line 1
01.
(pdftex.def)             Requested size: 390.0pt x 243.24063pt.

Underfull \hbox (badness 10000) in paragraph at lines 98--104

 []

[48 <./Figures/SDPortalLaunchSurvey.png>]
<./Figures/SDPortalViewQuestions.png, id=875, 1066.98625pt x 665.48625pt>
File: ./Figures/SDPortalViewQuestions.png Graphic file (type png)

<use ./Figures/SDPortalViewQuestions.png>
Package pdftex.def Info: ./Figures/SDPortalViewQuestions.png used on input line
 110.
(pdftex.def)             Requested size: 390.0pt x 243.24063pt.

Underfull \hbox (badness 10000) in paragraph at lines 107--113

 []

[49 <./Figures/SDPortalViewSurveys.png>]
<./Figures/SDPortalViewResponses.png, id=882, 1066.98625pt x 665.48625pt>
File: ./Figures/SDPortalViewResponses.png Graphic file (type png)

<use ./Figures/SDPortalViewResponses.png>
Package pdftex.def Info: ./Figures/SDPortalViewResponses.png used on input line
 118.
(pdftex.def)             Requested size: 390.0pt x 243.24063pt.

Underfull \hbox (badness 10000) in paragraph at lines 115--121

 []

[50 <./Figures/SDPortalViewQuestions.png>] [51 <./Figures/SDPortalViewResponses
.png>] [52]) [53]
\openout2 = `chapter7.aux'.

 (./chapter7.tex
Chapter 6.
Missing character: There is no ‚ in font cmr12!
Missing character: There is no Ä in font cmr12!
Missing character: There is no ô in font cmr12!
Missing character: There is no ‚ in font cmr12!
Missing character: There is no Ä in font cmr12!
Missing character: There is no ô in font cmr12!
Missing character: There is no ‚ in font cmr12!
Missing character: There is no Ä in font cmr12!
Missing character: There is no ô in font cmr12!
<./Figures/GCM.jpg, id=909, 491.8375pt x 554.07pt>
File: ./Figures/GCM.jpg Graphic file (type jpg)
 <use ./Figures/GCM.jpg>
Package pdftex.def Info: ./Figures/GCM.jpg used on input line 21.
(pdftex.def)             Requested size: 393.47052pt x 443.2566pt.

Overfull \hbox (3.47052pt too wide) in paragraph at lines 21--22
 [] 
 []

[54




]
Missing character: There is no ‚ in font cmr12!
Missing character: There is no Ä in font cmr12!
Missing character: There is no ì in font cmr12!
 [55 <./Figures/GCM.jpg>]
Missing character: There is no ‚ in font cmr12!
Missing character: There is no Ä in font cmr12!
Missing character: There is no ì in font cmr12!
Missing character: There is no ‚ in font cmr12!
Missing character: There is no Ä in font cmr12!
Missing character: There is no ì in font cmr12!
Missing character: There is no ‚ in font cmr12!
Missing character: There is no Ä in font cmr12!
Missing character: There is no ì in font cmr12!
Missing character: There is no ‚ in font cmr12!
Missing character: There is no Ä in font cmr12!
Missing character: There is no ì in font cmr12!
Missing character: There is no ‚ in font cmr12!
Missing character: There is no Ä in font cmr12!
Missing character: There is no ì in font cmr12!
Missing character: There is no ‚ in font cmr12!
Missing character: There is no Ä in font cmr12!
Missing character: There is no ì in font cmr12!
 [56]
Missing character: There is no ‚ in font cmr12!
Missing character: There is no Ä in font cmr12!
Missing character: There is no ì in font cmr12!
Missing character: There is no ‚ in font cmr12!
Missing character: There is no Ä in font cmr12!
Missing character: There is no ì in font cmr12!

Overfull \hbox (48.05798pt too wide) in paragraph at lines 56--57
\OT1/cmr/m/n/12 ca-tion ex-tracts the raw data from the com.google.android.c2dm
.intent.RECEIVE
 []

Missing character: There is no ‚ in font cmr12!
Missing character: There is no Ä in font cmr12!
Missing character: There is no ì in font cmr12!
[57]) [58]
\openout2 = `chapter8.aux'.

 (./chapter8.tex
Chapter 7.
Missing character: There is no ‚ in font cmr12!
Missing character: There is no Ä in font cmr12!
Missing character: There is no ô in font cmr12!
[59




]
Missing character: There is no ‚ in font cmr12!
Missing character: There is no Ä in font cmr12!
Missing character: There is no ô in font cmr12!
) [60] (./Thesis.bbl
Underfull \hbox (badness 1472) in paragraph at lines 15--18
[]\OT1/cmr/m/n/12 Decentralization.  []$\OT1/cmtt/m/n/12 http : / / www . theci
tizensdemocraticparty . com /
 []


Underfull \hbox (badness 1472) in paragraph at lines 20--24
[]\OT1/cmr/m/n/12 Decentralization.  []$\OT1/cmtt/m/n/12 http : / / www . theci
tizensdemocraticparty . com /
 []


Underfull \hbox (badness 10000) in paragraph at lines 37--40
[]\OT1/cmr/m/n/12 Mobile phone users base in in-dia.
 []


Underfull \hbox (badness 10000) in paragraph at lines 37--40
[]$\OT1/cmtt/m/n/12 http : / / www . thebetterindia . com / 16218 /
 []


Overfull \hbox (24.26657pt too wide) in paragraph at lines 37--40
\OT1/cmtt/m/n/12 8-[]mobile-[]phone-[]ideas-[]changing-[]lives-[]rural-[]india-
[]mobile4good14/$[]\OT1/cmr/m/n/12 . 
 []

[61



]
Underfull \hbox (badness 1184) in paragraph at lines 88--93
[]\OT1/cmr/m/n/12 Indrani Medhi, So-mani Pat-naik, Emma Brun-skill, SN Gau-tama
,
 []

) [62]
\openout2 = `appendix.aux'.

 (./appendix.tex (./libraryAppendix/Chapter_1.tex
Appendix A.
<./Figures/Loginscreen.png, id=1005, 625.33624pt x 545.03625pt>
File: ./Figures/Loginscreen.png Graphic file (type png)

<use ./Figures/Loginscreen.png>
Package pdftex.def Info: ./Figures/Loginscreen.png used on input line 9.
(pdftex.def)             Requested size: 250.13007pt x 218.01064pt.

<./Figures/authenticatemsg.png, id=1006, 542.025pt x 963.6pt>
File: ./Figures/authenticatemsg.png Graphic file (type png)

<use ./Figures/authenticatemsg.png>
Package pdftex.def Info: ./Figures/authenticatemsg.png used on input line 18.
(pdftex.def)             Requested size: 140.92317pt x 250.53009pt.
 [63



 <./Figures/Loginscreen.png>]
<./Figures/Pinrecovery.png, id=1015, 665.48625pt x 605.26125pt>
File: ./Figures/Pinrecovery.png Graphic file (type png)

<use ./Figures/Pinrecovery.png>
Package pdftex.def Info: ./Figures/Pinrecovery.png used on input line 27.
(pdftex.def)             Requested size: 266.18977pt x 242.1002pt.

<./Figures/Workflowapp.png, id=1016, 725.71124pt x 474.77374pt>
File: ./Figures/Workflowapp.png Graphic file (type png)

<use ./Figures/Workflowapp.png>
Package pdftex.def Info: ./Figures/Workflowapp.png used on input line 36.
(pdftex.def)             Requested size: 312.00119pt x 204.11975pt.
 [64 <./Figures/authenticatemsg.png> <./Figures/Pinrecovery.png>]
<./Figures/Audiorecord.png, id=1023, 555.07375pt x 524.96124pt>
File: ./Figures/Audiorecord.png Graphic file (type png)

<use ./Figures/Audiorecord.png>
Package pdftex.def Info: ./Figures/Audiorecord.png used on input line 45.
(pdftex.def)             Requested size: 222.02556pt x 209.98077pt.

<./Figures/Msgtemplates.png, id=1024, 444.66125pt x 424.58624pt>
File: ./Figures/Msgtemplates.png Graphic file (type png)

<use ./Figures/Msgtemplates.png>
Package pdftex.def Info: ./Figures/Msgtemplates.png used on input line 54.
(pdftex.def)             Requested size: 186.75644pt x 178.325pt.
 [65 <./Figures/Workflowapp.png> <./Figures/Audiorecord.png>]
<./Figures/surveytemplate.png, id=1034, 464.73625pt x 424.58624pt>
File: ./Figures/surveytemplate.png Graphic file (type png)

<use ./Figures/surveytemplate.png>
Package pdftex.def Info: ./Figures/surveytemplate.png used on input line 63.
(pdftex.def)             Requested size: 204.48457pt x 186.81851pt.

<./Figures/camptemplate.png, id=1035, 474.77374pt x 467.7475pt>
File: ./Figures/camptemplate.png Graphic file (type png)

<use ./Figures/camptemplate.png>
Package pdftex.def Info: ./Figures/camptemplate.png used on input line 72.
(pdftex.def)             Requested size: 189.90613pt x 187.09567pt.
 [66 <./Figures/Msgtemplates.png> <./Figures/surveytemplate.png>]
<./Figures/schemetemplate.png, id=1044, 474.77374pt x 467.7475pt>
File: ./Figures/schemetemplate.png Graphic file (type png)

<use ./Figures/schemetemplate.png>
Package pdftex.def Info: ./Figures/schemetemplate.png used on input line 82.
(pdftex.def)             Requested size: 189.90613pt x 187.09567pt.

<./Figures/Addcontact.png, id=1045, 454.69875pt x 465.74pt>
File: ./Figures/Addcontact.png Graphic file (type png)

<use ./Figures/Addcontact.png>
Package pdftex.def Info: ./Figures/Addcontact.png used on input line 91.
(pdftex.def)             Requested size: 181.87627pt x 186.2927pt.
 [67 <./Figures/camptemplate.png> <./Figures/schemetemplate.png>]
<./Figures/contactconfirm.png, id=1054, 434.62375pt x 514.92375pt>
File: ./Figures/contactconfirm.png Graphic file (type png)

<use ./Figures/contactconfirm.png>
Package pdftex.def Info: ./Figures/contactconfirm.png used on input line 100.
(pdftex.def)             Requested size: 173.8464pt x 205.96585pt.

<./Figures/addgroup.png, id=1055, 427.5975pt x 434.62375pt>
File: ./Figures/addgroup.png Graphic file (type png)

<use ./Figures/addgroup.png>
Package pdftex.def Info: ./Figures/addgroup.png used on input line 109.
(pdftex.def)             Requested size: 171.03596pt x 173.8464pt.
 [68 <./Figures/Addcontact.png> <./Figures/contactconfirm.png>] <./Figures/laun
chsurvey.png, id=1063, 424.58624pt x 464.73625pt>
File: ./Figures/launchsurvey.png Graphic file (type png)

<use ./Figures/launchsurvey.png>
Package pdftex.def Info: ./Figures/launchsurvey.png used on input line 118.
(pdftex.def)             Requested size: 178.325pt x 195.18788pt.

<./Figures/surveyques.png, id=1064, 404.51125pt x 464.73625pt>
File: ./Figures/surveyques.png Graphic file (type png)

<use ./Figures/surveyques.png>
Package pdftex.def Info: ./Figures/surveyques.png used on input line 127.
(pdftex.def)             Requested size: 169.89355pt x 195.18788pt.
 [69 <./Figures/addgroup.png> <./Figures/launchsurvey.png>] <./Figures/sendopti
ons.png, id=1075, 464.73625pt x 464.73625pt>
File: ./Figures/sendoptions.png Graphic file (type png)

<use ./Figures/sendoptions.png>
Package pdftex.def Info: ./Figures/sendoptions.png used on input line 136.
(pdftex.def)             Requested size: 195.18788pt x 195.18788pt.

<./Figures/contactgroups.png, id=1076, 722.7pt x 1284.8pt>
File: ./Figures/contactgroups.png Graphic file (type png)

<use ./Figures/contactgroups.png>
Package pdftex.def Info: ./Figures/contactgroups.png used on input line 145.
(pdftex.def)             Requested size: 130.08038pt x 231.25401pt.
 [70 <./Figures/surveyques.png> <./Figures/sendoptions.png>] <./Figures/phoneco
ntacts.png, id=1085, 722.7pt x 1284.8pt>
File: ./Figures/phonecontacts.png Graphic file (type png)

<use ./Figures/phonecontacts.png>
Package pdftex.def Info: ./Figures/phonecontacts.png used on input line 154.
(pdftex.def)             Requested size: 115.63435pt x 205.5722pt.

<./Figures/Actionbaroptions.png, id=1086, 654.445pt x 613.29124pt>
File: ./Figures/Actionbaroptions.png Graphic file (type png)

<use ./Figures/Actionbaroptions.png>
Package pdftex.def Info: ./Figures/Actionbaroptions.png used on input line 163.

(pdftex.def)             Requested size: 261.77336pt x 245.31215pt.
 [71 <./Figures/contactgroups.png> <./Figures/phonecontacts.png>]) (./libraryAp
pendix/Chapter_2.tex [72 <./Figures/Actionbaroptions.png>]
Appendix B.
<./Figures/RegisterNGOuser.png, id=1099, 1284.8pt x 640.3925pt>
File: ./Figures/RegisterNGOuser.png Graphic file (type png)

<use ./Figures/RegisterNGOuser.png>
Package pdftex.def Info: ./Figures/RegisterNGOuser.png used on input line 6.
(pdftex.def)             Requested size: 390.0pt x 194.38623pt.

<./Figures/AfterSignInHomepage.png, id=1100, 1267.73625pt x 679.53876pt>
File: ./Figures/AfterSignInHomepage.png Graphic file (type png)

<use ./Figures/AfterSignInHomepage.png>
Package pdftex.def Info: ./Figures/AfterSignInHomepage.png used on input line 1
3.
(pdftex.def)             Requested size: 390.0pt x 209.04765pt.

<./Figures/ContactPage.png, id=1101, 1080.035pt x 631.35875pt>
File: ./Figures/ContactPage.png Graphic file (type png)

<use ./Figures/ContactPage.png>
Package pdftex.def Info: ./Figures/ContactPage.png used on input line 21.
(pdftex.def)             Requested size: 390.0pt x 227.9826pt.
 [73


 <./Figures/RegisterNGOuser.png> <./Figures/AfterSignInHomepage.png>]
<./Figures/LaunchSurvey1.png, id=1106, 1057.9525pt x 657.45625pt>
File: ./Figures/LaunchSurvey1.png Graphic file (type png)

<use ./Figures/LaunchSurvey1.png>
Package pdftex.def Info: ./Figures/LaunchSurvey1.png used on input line 28.
(pdftex.def)             Requested size: 390.0pt x 242.36215pt.

<./Figures/LaunchSurvey2.png, id=1107, 1046.91125pt x 626.34pt>
File: ./Figures/LaunchSurvey2.png Graphic file (type png)

<use ./Figures/LaunchSurvey2.png>
Package pdftex.def Info: ./Figures/LaunchSurvey2.png used on input line 35.
(pdftex.def)             Requested size: 390.0pt x 233.31909pt.
 [74 <./Figures/ContactPage.png> <./Figures/LaunchSurvey1.png>]
<./Figures/LaunchSurvey3.png, id=1112, 1050.92625pt x 409.53pt>
File: ./Figures/LaunchSurvey3.png Graphic file (type png)

<use ./Figures/LaunchSurvey3.png>
Package pdftex.def Info: ./Figures/LaunchSurvey3.png used on input line 42.
(pdftex.def)             Requested size: 390.0pt x 151.97365pt.

<./Figures/ListenAudioPrompt.png, id=1113, 1305.87875pt x 660.4675pt>
File: ./Figures/ListenAudioPrompt.png Graphic file (type png)

<use ./Figures/ListenAudioPrompt.png>
Package pdftex.def Info: ./Figures/ListenAudioPrompt.png used on input line 49.

(pdftex.def)             Requested size: 390.0pt x 197.24484pt.
 [75 <./Figures/LaunchSurvey2.png> <./Figures/LaunchSurvey3.png>]
<./Figures/Logintothesiteautofillcredentials.png, id=1119, 1230.5975pt x 663.47
874pt>
File: ./Figures/Logintothesiteautofillcredentials.png Graphic file (type png)
 <use ./Figures/Logintothesiteautofillcredentials.png>
Package pdftex.def Info: ./Figures/Logintothesiteautofillcredentials.png used o
n input line 57.
(pdftex.def)             Requested size: 390.0pt x 210.26239pt.

<./Figures/NGOUserProfile.png, id=1120, 1256.695pt x 485.815pt>
File: ./Figures/NGOUserProfile.png Graphic file (type png)

<use ./Figures/NGOUserProfile.png>
Package pdftex.def Info: ./Figures/NGOUserProfile.png used on input line 65.
(pdftex.def)             Requested size: 390.0pt x 150.76418pt.
 [76 <./Figures/ListenAudioPrompt.png> <./Figures/Logintothesiteautofillcredent
ials.png>]
<./Figures/PortalHomepagePart1.png, id=1125, 1288.815pt x 640.3925pt>
File: ./Figures/PortalHomepagePart1.png Graphic file (type png)

<use ./Figures/PortalHomepagePart1.png>
Package pdftex.def Info: ./Figures/PortalHomepagePart1.png used on input line 7
2.
(pdftex.def)             Requested size: 390.0pt x 193.7804pt.

<./Figures/PortalHomepagePart2.png, id=1126, 1288.815pt x 560.0925pt>
File: ./Figures/PortalHomepagePart2.png Graphic file (type png)

<use ./Figures/PortalHomepagePart2.png>
Package pdftex.def Info: ./Figures/PortalHomepagePart2.png used on input line 7
9.
(pdftex.def)             Requested size: 390.0pt x 169.48192pt.
 [77 <./Figures/NGOUserProfile.png> <./Figures/PortalHomepagePart1.png>]
<./Figures/PortalHomepagePart3.png, id=1131, 1283.79625pt x 582.175pt>
File: ./Figures/PortalHomepagePart3.png Graphic file (type png)

<use ./Figures/PortalHomepagePart3.png>
Package pdftex.def Info: ./Figures/PortalHomepagePart3.png used on input line 8
6.
(pdftex.def)             Requested size: 390.0pt x 176.85689pt.

<./Figures/RegisterAdmin1.png, id=1132, 708.6475pt x 682.55pt>
File: ./Figures/RegisterAdmin1.png Graphic file (type png)

<use ./Figures/RegisterAdmin1.png>
Package pdftex.def Info: ./Figures/RegisterAdmin1.png used on input line 93.
(pdftex.def)             Requested size: 390.0pt x 375.6432pt.
 [78 <./Figures/PortalHomepagePart2.png> <./Figures/PortalHomepagePart3.png>]
<./Figures/RegisterAdmin2.png, id=1137, 1087.06125pt x 413.545pt>
File: ./Figures/RegisterAdmin2.png Graphic file (type png)

<use ./Figures/RegisterAdmin2.png>
Package pdftex.def Info: ./Figures/RegisterAdmin2.png used on input line 100.
(pdftex.def)             Requested size: 390.0pt x 148.36494pt.

<./Figures/ViewResponses.png, id=1138, 1194.4625pt x 639.38875pt>
File: ./Figures/ViewResponses.png Graphic file (type png)

<use ./Figures/ViewResponses.png>
Package pdftex.def Info: ./Figures/ViewResponses.png used on input line 107.
(pdftex.def)             Requested size: 390.0pt x 208.76474pt.
 [79 <./Figures/RegisterAdmin1.png> <./Figures/RegisterAdmin2.png>]
<./Figures/ViewSurveyQuestions.png, id=1143, 1203.49625pt x 685.56125pt>
File: ./Figures/ViewSurveyQuestions.png Graphic file (type png)

<use ./Figures/ViewSurveyQuestions.png>
Package pdftex.def Info: ./Figures/ViewSurveyQuestions.png used on input line 1
14.
(pdftex.def)             Requested size: 390.0pt x 222.15619pt.

<./Figures/ViewSurveys.png, id=1144, 1093.08376pt x 648.4225pt>
File: ./Figures/ViewSurveys.png Graphic file (type png)

<use ./Figures/ViewSurveys.png>
Package pdftex.def Info: ./Figures/ViewSurveys.png used on input line 122.
(pdftex.def)             Requested size: 390.0pt x 231.34425pt.
 [80 <./Figures/ViewResponses.png> <./Figures/ViewSurveyQuestions.png>]) (./lib
raryAppendix/Chapter_3.tex [81 <./Figures/ViewSurveys.png>]
Appendix C.
<./Figures/aisurvey.png, id=1154, 1292.83pt x 642.4pt>
File: ./Figures/aisurvey.png Graphic file (type png)

<use ./Figures/aisurvey.png>
Package pdftex.def Info: ./Figures/aisurvey.png used on input line 8.
(pdftex.def)             Requested size: 387.85199pt x 192.72148pt.

<./Figures/aimv.png, id=1155, 1296.845pt x 651.43375pt>
File: ./Figures/aimv.png Graphic file (type png)

<use ./Figures/aimv.png>
Package pdftex.def Info: ./Figures/aimv.png used on input line 18.
(pdftex.def)             Requested size: 389.0565pt x 195.43163pt.

<./Figures/aiitems.png, id=1156, 1298.8525pt x 654.445pt>
File: ./Figures/aiitems.png Graphic file (type png)

<use ./Figures/aiitems.png>
Package pdftex.def Info: ./Figures/aiitems.png used on input line 28.
(pdftex.def)             Requested size: 389.65875pt x 196.335pt.
 [82


 <./Figures/aisurvey.png> <./Figures/aimv.png>]
<./Figures/aicontacts.png, id=1161, 1305.87875pt x 651.43375pt>
File: ./Figures/aicontacts.png Graphic file (type png)

<use ./Figures/aicontacts.png>
Package pdftex.def Info: ./Figures/aicontacts.png used on input line 38.
(pdftex.def)             Requested size: 391.76665pt x 195.43163pt.

Overfull \hbox (1.76665pt too wide) in paragraph at lines 38--39
 [] 
 []

)) [83 <./Figures/aiitems.png> <./Figures/aicontacts.png>]

Package movie15 Warning: @@@@@@@@@@@@@@@@@@@@@@@@@@@@@@@@@@@@@@@
(movie15)                @@ Package `movie15' is obsolete and @@
(movie15)                @@ superseded by `media9'.           @@
(movie15)                @@@@@@@@@@@@@@@@@@@@@@@@@@@@@@@@@@@@@@@.

Package atveryend Info: Empty hook `BeforeClearDocument' on input line 168.
Package atveryend Info: Empty hook `AfterLastShipout' on input line 168.
(./Thesis.aux (./titlepage.aux) (./certificate.aux) (./abstract.aux)
(./acknowledgement.aux) (./chapter1.aux) (./chapter2.aux) (./chapter3.aux)
(./chapter5.aux) (./chapter6.aux) (./chapter7.aux) (./chapter8.aux)
(./appendix.aux))
Package atveryend Info: Executing hook `AtVeryEndDocument' on input line 168.
Package atveryend Info: Executing hook `AtEndAfterFileList' on input line 168.
Package rerunfilecheck Info: File `Thesis.out' has not changed.
(rerunfilecheck)             Checksum: 4AA6EA1B59B3DAC394BB156270601A04;3633.


LaTeX Font Warning: Some font shapes were not available, defaults substituted.


LaTeX Warning: There were undefined references.

Package atveryend Info: Empty hook `AtVeryVeryEnd' on input line 168.
 ) 
Here is how much of TeX's memory you used:
 9799 strings out of 494985
 148464 string characters out of 6180356
 355106 words of memory out of 5000000
 12343 multiletter control sequences out of 15000+600000
 13472 words of font info for 49 fonts, out of 8000000 for 9000
 36 hyphenation exceptions out of 8191
 44i,20n,48p,1962b,595s stack positions out of 5000i,500n,10000p,200000b,80000s
</usr/share/texlive/texmf-dist/fonts/type1/public/amsfonts/cm/cmbx12.pfb></us
r/share/texlive/texmf-dist/fonts/type1/public/amsfonts/cm/cmbxti10.pfb></usr/sh
are/texlive/texmf-dist/fonts/type1/public/amsfonts/cm/cmmi12.pfb></usr/share/te
xlive/texmf-dist/fonts/type1/public/amsfonts/cm/cmr12.pfb></usr/share/texlive/t
exmf-dist/fonts/type1/public/amsfonts/cm/cmr17.pfb></usr/share/texlive/texmf-di
st/fonts/type1/public/amsfonts/cm/cmssbx10.pfb></usr/share/texlive/texmf-dist/f
onts/type1/public/amsfonts/cm/cmsy10.pfb></usr/share/texlive/texmf-dist/fonts/t
ype1/public/amsfonts/cm/cmti12.pfb></usr/share/texlive/texmf-dist/fonts/type1/p
ublic/amsfonts/cm/cmtt12.pfb>
Output written on Thesis.pdf (93 pages, 7363976 bytes).
PDF statistics:
 1278 PDF objects out of 1440 (max. 8388607)
 1058 compressed objects within 11 object streams
 361 named destinations out of 1000 (max. 500000)
 792 words of extra memory for PDF output out of 10000 (max. 10000000)

